# JRE version: OpenJDK Runtime Environment Temurin-21.0.10+7 (21.0.10+7) (build 21.0.10+7-LTS)
# Java VM: OpenJDK 64-Bit Server VM Temurin-21.0.10+7 (21.0.10+7-LTS, mixed mode, sharing, tiered, compressed oops, compressed class ptrs, g1 gc, windows-amd64)
GC Precious Log:
 CardTable entry size: 512
 Card Set container configuration: InlinePtr #cards 4 size 8 Array Of Cards #cards 16 size 48 Howl #buckets 8 coarsen threshold 3686 Howl Bitmap #cards 512 size 80 coarsen threshold 460 Card regions per heap region 1 cards per card region 4096
 CPUs: 18 total, 18 available
 Memory: 15931M
 Large Page Support: Disabled
 NUMA Support: Disabled
 Compressed Oops: Enabled (Zero based)
 Heap Region Size: 2M
 Heap Min Capacity: 8M
 Heap Initial Capacity: 250M
 Heap Max Capacity: 3984M
 Pre-touch: Disabled
 Parallel Workers: 14
 Concurrent Workers: 4
 Concurrent Refinement Workers: 14
 Periodic GC: Disabled
Heap:
 garbage-first heap   total 59392K, used 24886K [0x0000000707000000, 0x0000000800000000)
  region size 2048K, 4 young (8192K), 2 survivors (4096K)
 Metaspace       used 45013K, committed 45760K, reserved 1114112K
  class space    used 5326K, committed 5696K, reserved 1048576K
GC Heap History (20 events):
Event: 185.028 GC heap after
{Heap after GC invocations=11 (full 1):
 garbage-first heap   total 59392K, used 21475K [0x0000000707000000, 0x0000000800000000)
  region size 2048K, 2 young (4096K), 2 survivors (4096K)
 Metaspace       used 41463K, committed 42112K, reserved 1114112K
  class space    used 5156K, committed 5440K, reserved 1048576K
}
Event: 249.816 GC heap before
{Heap before GC invocations=11 (full 1):
 garbage-first heap   total 59392K, used 46051K [0x0000000707000000, 0x0000000800000000)
  region size 2048K, 14 young (28672K), 2 survivors (4096K)
 Metaspace       used 42653K, committed 43264K, reserved 1114112K
  class space    used 5213K, committed 5504K, reserved 1048576K
}
Event: 249.821 GC heap after
{Heap after GC invocations=12 (full 1):
 garbage-first heap   total 59392K, used 23534K [0x0000000707000000, 0x0000000800000000)
  region size 2048K, 2 young (4096K), 2 survivors (4096K)
 Metaspace       used 42653K, committed 43264K, reserved 1114112K
  class space    used 5213K, committed 5504K, reserved 1048576K
}
Event: 313.237 GC heap before
{Heap before GC invocations=12 (full 1):
 garbage-first heap   total 59392K, used 46062K [0x0000000707000000, 0x0000000800000000)
  region size 2048K, 13 young (26624K), 2 survivors (4096K)
 Metaspace       used 43631K, committed 44352K, reserved 1114112K
  class space    used 5280K, committed 5632K, reserved 1048576K
}
Event: 313.239 GC heap after
{Heap after GC invocations=13 (full 1):
 garbage-first heap   total 59392K, used 24034K [0x0000000707000000, 0x0000000800000000)
  region size 2048K, 1 young (2048K), 1 survivors (2048K)
 Metaspace       used 43631K, committed 44352K, reserved 1114112K
  class space    used 5280K, committed 5632K, reserved 1048576K
}
Event: 565.818 GC heap before
{Heap before GC invocations=13 (full 1):
 garbage-first heap   total 59392K, used 44514K [0x0000000707000000, 0x0000000800000000)
  region size 2048K, 12 young (24576K), 1 survivors (2048K)
 Metaspace       used 43790K, committed 44480K, reserved 1114112K
  class space    used 5284K, committed 5632K, reserved 1048576K
}
Event: 565.820 GC heap after
{Heap after GC invocations=14 (full 1):
 garbage-first heap   total 59392K, used 23779K [0x0000000707000000, 0x0000000800000000)
  region size 2048K, 1 young (2048K), 1 survivors (2048K)
 Metaspace       used 43790K, committed 44480K, reserved 1114112K
  class space    used 5284K, committed 5632K, reserved 1048576K
}
Event: 828.459 GC heap before
{Heap before GC invocations=14 (full 1):
 garbage-first heap   total 59392K, used 48355K [0x0000000707000000, 0x0000000800000000)
  region size 2048K, 13 young (26624K), 1 survivors (2048K)
 Metaspace       used 44125K, committed 44800K, reserved 1114112K
  class space    used 5297K, committed 5632K, reserved 1048576K
}
Event: 828.463 GC heap after
{Heap after GC invocations=15 (full 1):
 garbage-first heap   total 59392K, used 23787K [0x0000000707000000, 0x0000000800000000)
  region size 2048K, 1 young (2048K), 1 survivors (2048K)
 Metaspace       used 44125K, committed 44800K, reserved 1114112K
  class space    used 5297K, committed 5632K, reserved 1048576K
}
Event: 1151.568 GC heap before
{Heap before GC invocations=15 (full 1):
 garbage-first heap   total 59392K, used 48363K [0x0000000707000000, 0x0000000800000000)
  region size 2048K, 13 young (26624K), 1 survivors (2048K)
 Metaspace       used 44323K, committed 44992K, reserved 1114112K
  class space    used 5298K, committed 5632K, reserved 1048576K
}
Event: 1151.570 GC heap after
{Heap after GC invocations=16 (full 1):
 garbage-first heap   total 59392K, used 23822K [0x0000000707000000, 0x0000000800000000)
  region size 2048K, 1 young (2048K), 1 survivors (2048K)
 Metaspace       used 44323K, committed 44992K, reserved 1114112K
  class space    used 5298K, committed 5632K, reserved 1048576K
}
Event: 1532.266 GC heap before
{Heap before GC invocations=16 (full 1):
 garbage-first heap   total 59392K, used 48398K [0x0000000707000000, 0x0000000800000000)
  region size 2048K, 14 young (28672K), 1 survivors (2048K)
 Metaspace       used 44335K, committed 45056K, reserved 1114112K
  class space    used 5298K, committed 5632K, reserved 1048576K
}
Event: 1532.267 GC heap after
{Heap after GC invocations=17 (full 1):
 garbage-first heap   total 59392K, used 23861K [0x0000000707000000, 0x0000000800000000)
  region size 2048K, 1 young (2048K), 1 survivors (2048K)
 Metaspace       used 44335K, committed 45056K, reserved 1114112K
  class space    used 5298K, committed 5632K, reserved 1048576K
}
Event: 1860.792 GC heap before
{Heap before GC invocations=17 (full 1):
 garbage-first heap   total 59392K, used 48437K [0x0000000707000000, 0x0000000800000000)
  region size 2048K, 14 young (28672K), 1 survivors (2048K)
 Metaspace       used 44479K, committed 45120K, reserved 1114112K
  class space    used 5303K, committed 5632K, reserved 1048576K
}
Event: 1860.795 GC heap after
{Heap after GC invocations=18 (full 1):
 garbage-first heap   total 59392K, used 24377K [0x0000000707000000, 0x0000000800000000)
  region size 2048K, 1 young (2048K), 1 survivors (2048K)
 Metaspace       used 44479K, committed 45120K, reserved 1114112K
  class space    used 5303K, committed 5632K, reserved 1048576K
}
Event: 1860.838 GC heap before
{Heap before GC invocations=18 (full 1):
 garbage-first heap   total 59392K, used 24377K [0x0000000707000000, 0x0000000800000000)
  region size 2048K, 2 young (4096K), 1 survivors (2048K)
 Metaspace       used 44483K, committed 45120K, reserved 1114112K
  class space    used 5303K, committed 5632K, reserved 1048576K
}
Event: 1860.897 GC heap after
{Heap after GC invocations=19 (full 2):
 garbage-first heap   total 59392K, used 19102K [0x0000000707000000, 0x0000000800000000)
  region size 2048K, 0 young (0K), 0 survivors (0K)
 Metaspace       used 44456K, committed 45120K, reserved 1114112K
  class space    used 5299K, committed 5632K, reserved 1048576K
}
Event: 1861.849 GC heap before
{Heap before GC invocations=19 (full 2):
 garbage-first heap   total 59392K, used 53918K [0x0000000707000000, 0x0000000800000000)
  region size 2048K, 17 young (34816K), 0 survivors (0K)
 Metaspace       used 44998K, committed 45760K, reserved 1114112K
  class space    used 5326K, committed 5696K, reserved 1048576K
}
Event: 1861.853 GC heap after
{Heap after GC invocations=20 (full 2):
 garbage-first heap   total 59392K, used 22838K [0x0000000707000000, 0x0000000800000000)
  region size 2048K, 2 young (4096K), 2 survivors (4096K)
 Metaspace       used 44998K, committed 45760K, reserved 1114112K
  class space    used 5326K, committed 5696K, reserved 1048576K
}
Event: 1863.471 GC heap before
{Heap before GC invocations=20 (full 2):
 garbage-first heap   total 59392K, used 24886K [0x0000000707000000, 0x0000000800000000)
  region size 2048K, 4 young (8192K), 2 survivors (4096K)
 Metaspace       used 45013K, committed 45760K, reserved 1114112K
  class space    used 5326K, committed 5696K, reserved 1048576K
}

