# JRE version: OpenJDK Runtime Environment Temurin-21.0.10+7 (21.0.10+7) (build 21.0.10+7-LTS)
# Java VM: OpenJDK 64-Bit Server VM Temurin-21.0.10+7 (21.0.10+7-LTS, mixed mode, sharing, tiered, compressed oops, compressed class ptrs, parallel gc, windows-amd64)
GC Precious Log:
 CardTable entry size: 512
 CPUs: 18 total, 18 available
 Memory: 15931M
 Large Page Support: Disabled
 NUMA Support: Disabled
 Compressed Oops: Enabled (32-bit)
 Alignments: Space 512K, Generation 512K, Heap 2M
 Heap Min Capacity: 100M
 Heap Initial Capacity: 100M
 Heap Max Capacity: 2G
 Pre-touch: Disabled
 Parallel Workers: 14
Heap:
 PSYoungGen      total 19456K, used 4952K [0x00000000d5580000, 0x00000000d6e00000, 0x0000000100000000)
  eden space 18432K, 22% used [0x00000000d5580000,0x00000000d5976158,0x00000000d6780000)
  from space 1024K, 87% used [0x00000000d6d00000,0x00000000d6de0020,0x00000000d6e00000)
  to   space 1024K, 0% used [0x00000000d6c00000,0x00000000d6c00000,0x00000000d6d00000)
 ParOldGen       total 69632K, used 69324K [0x0000000080000000, 0x0000000084400000, 0x00000000d5580000)
  object space 69632K, 99% used [0x0000000080000000,0x00000000843b3210,0x0000000084400000)
 Metaspace       used 70935K, committed 72640K, reserved 1114112K
  class space    used 7685K, committed 8448K, reserved 1048576K
GC Heap History (20 events):
Event: 135.090 GC heap before
{Heap before GC invocations=56 (full 3):
 PSYoungGen      total 19968K, used 19629K [0x00000000d5580000, 0x00000000d6a80000, 0x0000000100000000)
  eden space 18432K, 100% used [0x00000000d5580000,0x00000000d6780000,0x00000000d6780000)
  from space 1536K, 77% used [0x00000000d6900000,0x00000000d6a2b7a8,0x00000000d6a80000)
  to   space 1536K, 0% used [0x00000000d6780000,0x00000000d6780000,0x00000000d6900000)
 ParOldGen       total 68608K, used 51393K [0x0000000080000000, 0x0000000084300000, 0x00000000d5580000)
  object space 68608K, 74% used [0x0000000080000000,0x0000000083230600,0x0000000084300000)
 Metaspace       used 59413K, committed 60864K, reserved 1114112K
  class space    used 6304K, committed 6912K, reserved 1048576K
}
Event: 135.092 GC heap after
{Heap after GC invocations=56 (full 3):
 PSYoungGen      total 19968K, used 1508K [0x00000000d5580000, 0x00000000d6e80000, 0x0000000100000000)
  eden space 18432K, 0% used [0x00000000d5580000,0x00000000d5580000,0x00000000d6780000)
  from space 1536K, 98% used [0x00000000d6780000,0x00000000d68f9308,0x00000000d6900000)
  to   space 3584K, 0% used [0x00000000d6b00000,0x00000000d6b00000,0x00000000d6e80000)
 ParOldGen       total 68608K, used 52766K [0x0000000080000000, 0x0000000084300000, 0x00000000d5580000)
  object space 68608K, 76% used [0x0000000080000000,0x0000000083387a38,0x0000000084300000)
 Metaspace       used 59413K, committed 60864K, reserved 1114112K
  class space    used 6304K, committed 6912K, reserved 1048576K
}
Event: 135.137 GC heap before
{Heap before GC invocations=57 (full 3):
 PSYoungGen      total 19968K, used 19940K [0x00000000d5580000, 0x00000000d6e80000, 0x0000000100000000)
  eden space 18432K, 100% used [0x00000000d5580000,0x00000000d6780000,0x00000000d6780000)
  from space 1536K, 98% used [0x00000000d6780000,0x00000000d68f9308,0x00000000d6900000)
  to   space 3584K, 0% used [0x00000000d6b00000,0x00000000d6b00000,0x00000000d6e80000)
 ParOldGen       total 68608K, used 52766K [0x0000000080000000, 0x0000000084300000, 0x00000000d5580000)
  object space 68608K, 76% used [0x0000000080000000,0x0000000083387a38,0x0000000084300000)
 Metaspace       used 59413K, committed 60864K, reserved 1114112K
  class space    used 6304K, committed 6912K, reserved 1048576K
}
Event: 135.139 GC heap after
{Heap after GC invocations=57 (full 3):
 PSYoungGen      total 19968K, used 1060K [0x00000000d5580000, 0x00000000d6c80000, 0x0000000100000000)
  eden space 18432K, 0% used [0x00000000d5580000,0x00000000d5580000,0x00000000d6780000)
  from space 1536K, 69% used [0x00000000d6b00000,0x00000000d6c09338,0x00000000d6c80000)
  to   space 2048K, 0% used [0x00000000d6880000,0x00000000d6880000,0x00000000d6a80000)
 ParOldGen       total 68608K, used 54326K [0x0000000080000000, 0x0000000084300000, 0x00000000d5580000)
  object space 68608K, 79% used [0x0000000080000000,0x000000008350dab8,0x0000000084300000)
 Metaspace       used 59413K, committed 60864K, reserved 1114112K
  class space    used 6304K, committed 6912K, reserved 1048576K
}
Event: 135.311 GC heap before
{Heap before GC invocations=58 (full 3):
 PSYoungGen      total 19968K, used 19492K [0x00000000d5580000, 0x00000000d6c80000, 0x0000000100000000)
  eden space 18432K, 100% used [0x00000000d5580000,0x00000000d6780000,0x00000000d6780000)
  from space 1536K, 69% used [0x00000000d6b00000,0x00000000d6c09338,0x00000000d6c80000)
  to   space 2048K, 0% used [0x00000000d6880000,0x00000000d6880000,0x00000000d6a80000)
 ParOldGen       total 68608K, used 54326K [0x0000000080000000, 0x0000000084300000, 0x00000000d5580000)
  object space 68608K, 79% used [0x0000000080000000,0x000000008350dab8,0x0000000084300000)
 Metaspace       used 59806K, committed 61184K, reserved 1114112K
  class space    used 6337K, committed 6912K, reserved 1048576K
}
Event: 135.316 GC heap after
{Heap after GC invocations=58 (full 3):
 PSYoungGen      total 20480K, used 2032K [0x00000000d5580000, 0x00000000d7880000, 0x0000000100000000)
  eden space 18432K, 0% used [0x00000000d5580000,0x00000000d5580000,0x00000000d6780000)
  from space 2048K, 99% used [0x00000000d6880000,0x00000000d6a7c030,0x00000000d6a80000)
  to   space 8704K, 0% used [0x00000000d7000000,0x00000000d7000000,0x00000000d7880000)
 ParOldGen       total 68608K, used 59681K [0x0000000080000000, 0x0000000084300000, 0x00000000d5580000)
  object space 68608K, 86% used [0x0000000080000000,0x0000000083a487f8,0x0000000084300000)
 Metaspace       used 59806K, committed 61184K, reserved 1114112K
  class space    used 6337K, committed 6912K, reserved 1048576K
}
Event: 135.624 GC heap before
{Heap before GC invocations=59 (full 3):
 PSYoungGen      total 20480K, used 20464K [0x00000000d5580000, 0x00000000d7880000, 0x0000000100000000)
  eden space 18432K, 100% used [0x00000000d5580000,0x00000000d6780000,0x00000000d6780000)
  from space 2048K, 99% used [0x00000000d6880000,0x00000000d6a7c030,0x00000000d6a80000)
  to   space 8704K, 0% used [0x00000000d7000000,0x00000000d7000000,0x00000000d7880000)
 ParOldGen       total 68608K, used 59681K [0x0000000080000000, 0x0000000084300000, 0x00000000d5580000)
  object space 68608K, 86% used [0x0000000080000000,0x0000000083a487f8,0x0000000084300000)
 Metaspace       used 60990K, committed 62336K, reserved 1114112K
  class space    used 6467K, committed 7040K, reserved 1048576K
}
Event: 135.627 GC heap after
{Heap after GC invocations=59 (full 3):
 PSYoungGen      total 21504K, used 2994K [0x00000000d5580000, 0x00000000d7300000, 0x0000000100000000)
  eden space 18432K, 0% used [0x00000000d5580000,0x00000000d5580000,0x00000000d6780000)
  from space 3072K, 97% used [0x00000000d7000000,0x00000000d72ec820,0x00000000d7300000)
  to   space 4608K, 0% used [0x00000000d6a00000,0x00000000d6a00000,0x00000000d6e80000)
 ParOldGen       total 68608K, used 61738K [0x0000000080000000, 0x0000000084300000, 0x00000000d5580000)
  object space 68608K, 89% used [0x0000000080000000,0x0000000083c4a8d8,0x0000000084300000)
 Metaspace       used 60990K, committed 62336K, reserved 1114112K
  class space    used 6467K, committed 7040K, reserved 1048576K
}
Event: 258.230 GC heap before
{Heap before GC invocations=60 (full 3):
 PSYoungGen      total 21504K, used 21426K [0x00000000d5580000, 0x00000000d7300000, 0x0000000100000000)
  eden space 18432K, 100% used [0x00000000d5580000,0x00000000d6780000,0x00000000d6780000)
  from space 3072K, 97% used [0x00000000d7000000,0x00000000d72ec820,0x00000000d7300000)
  to   space 4608K, 0% used [0x00000000d6a00000,0x00000000d6a00000,0x00000000d6e80000)
 ParOldGen       total 68608K, used 61738K [0x0000000080000000, 0x0000000084300000, 0x00000000d5580000)
  object space 68608K, 89% used [0x0000000080000000,0x0000000083c4a8d8,0x0000000084300000)
 Metaspace       used 62670K, committed 64128K, reserved 1114112K
  class space    used 6625K, committed 7232K, reserved 1048576K
}
Event: 258.236 GC heap after
{Heap after GC invocations=60 (full 3):
 PSYoungGen      total 20992K, used 2160K [0x00000000d5580000, 0x00000000d7080000, 0x0000000100000000)
  eden space 18432K, 0% used [0x00000000d5580000,0x00000000d5580000,0x00000000d6780000)
  from space 2560K, 84% used [0x00000000d6a00000,0x00000000d6c1c3b0,0x00000000d6c80000)
  to   space 3072K, 0% used [0x00000000d6d80000,0x00000000d6d80000,0x00000000d7080000)
 ParOldGen       total 68608K, used 64428K [0x0000000080000000, 0x0000000084300000, 0x00000000d5580000)
  object space 68608K, 93% used [0x0000000080000000,0x0000000083eeb278,0x0000000084300000)
 Metaspace       used 62670K, committed 64128K, reserved 1114112K
  class space    used 6625K, committed 7232K, reserved 1048576K
}
Event: 258.547 GC heap before
{Heap before GC invocations=61 (full 3):
 PSYoungGen      total 20992K, used 20592K [0x00000000d5580000, 0x00000000d7080000, 0x0000000100000000)
  eden space 18432K, 99% used [0x00000000d5580000,0x00000000d677ffe0,0x00000000d6780000)
  from space 2560K, 84% used [0x00000000d6a00000,0x00000000d6c1c3b0,0x00000000d6c80000)
  to   space 3072K, 0% used [0x00000000d6d80000,0x00000000d6d80000,0x00000000d7080000)
 ParOldGen       total 68608K, used 64428K [0x0000000080000000, 0x0000000084300000, 0x00000000d5580000)
  object space 68608K, 93% used [0x0000000080000000,0x0000000083eeb278,0x0000000084300000)
 Metaspace       used 64661K, committed 66112K, reserved 1114112K
  class space    used 6819K, committed 7424K, reserved 1048576K
}
Event: 258.550 GC heap after
{Heap after GC invocations=61 (full 3):
 PSYoungGen      total 20480K, used 1696K [0x00000000d5580000, 0x00000000d6f80000, 0x0000000100000000)
  eden space 18432K, 0% used [0x00000000d5580000,0x00000000d5580000,0x00000000d6780000)
  from space 2048K, 82% used [0x00000000d6d80000,0x00000000d6f28060,0x00000000d6f80000)
  to   space 2048K, 0% used [0x00000000d6b80000,0x00000000d6b80000,0x00000000d6d80000)
 ParOldGen       total 68608K, used 66107K [0x0000000080000000, 0x0000000084300000, 0x00000000d5580000)
  object space 68608K, 96% used [0x0000000080000000,0x000000008408ecd0,0x0000000084300000)
 Metaspace       used 64661K, committed 66112K, reserved 1114112K
  class space    used 6819K, committed 7424K, reserved 1048576K
}
Event: 259.096 GC heap before
{Heap before GC invocations=62 (full 3):
 PSYoungGen      total 20480K, used 20128K [0x00000000d5580000, 0x00000000d6f80000, 0x0000000100000000)
  eden space 18432K, 99% used [0x00000000d5580000,0x00000000d677fff8,0x00000000d6780000)
  from space 2048K, 82% used [0x00000000d6d80000,0x00000000d6f28060,0x00000000d6f80000)
  to   space 2048K, 0% used [0x00000000d6b80000,0x00000000d6b80000,0x00000000d6d80000)
 ParOldGen       total 68608K, used 66107K [0x0000000080000000, 0x0000000084300000, 0x00000000d5580000)
  object space 68608K, 96% used [0x0000000080000000,0x000000008408ecd0,0x0000000084300000)
 Metaspace       used 65679K, committed 67136K, reserved 1114112K
  class space    used 6922K, committed 7552K, reserved 1048576K
}
Event: 259.101 GC heap after
{Heap after GC invocations=62 (full 3):
 PSYoungGen      total 20480K, used 1728K [0x00000000d5580000, 0x00000000d6e00000, 0x0000000100000000)
  eden space 18432K, 0% used [0x00000000d5580000,0x00000000d5580000,0x00000000d6780000)
  from space 2048K, 84% used [0x00000000d6b80000,0x00000000d6d30040,0x00000000d6d80000)
  to   space 512K, 0% used [0x00000000d6d80000,0x00000000d6d80000,0x00000000d6e00000)
 ParOldGen       total 68608K, used 67560K [0x0000000080000000, 0x0000000084300000, 0x00000000d5580000)
  object space 68608K, 98% used [0x0000000080000000,0x00000000841fa158,0x0000000084300000)
 Metaspace       used 65679K, committed 67136K, reserved 1114112K
  class space    used 6922K, committed 7552K, reserved 1048576K
}
Event: 281.000 GC heap before
{Heap before GC invocations=63 (full 3):
 PSYoungGen      total 20480K, used 20146K [0x00000000d5580000, 0x00000000d6e00000, 0x0000000100000000)
  eden space 18432K, 99% used [0x00000000d5580000,0x00000000d677ca60,0x00000000d6780000)
  from space 2048K, 84% used [0x00000000d6b80000,0x00000000d6d30040,0x00000000d6d80000)
  to   space 512K, 0% used [0x00000000d6d80000,0x00000000d6d80000,0x00000000d6e00000)
 ParOldGen       total 68608K, used 67560K [0x0000000080000000, 0x0000000084300000, 0x00000000d5580000)
  object space 68608K, 98% used [0x0000000080000000,0x00000000841fa158,0x0000000084300000)
 Metaspace       used 66675K, committed 68160K, reserved 1114112K
  class space    used 7051K, committed 7680K, reserved 1048576K
}
Event: 281.002 GC heap after
{Heap after GC invocations=63 (full 3):
 PSYoungGen      total 18944K, used 489K [0x00000000d5580000, 0x00000000d6e00000, 0x0000000100000000)
  eden space 18432K, 0% used [0x00000000d5580000,0x00000000d5580000,0x00000000d6780000)
  from space 512K, 95% used [0x00000000d6d80000,0x00000000d6dfa480,0x00000000d6e00000)
  to   space 2048K, 0% used [0x00000000d6a00000,0x00000000d6a00000,0x00000000d6c00000)
 ParOldGen       total 69120K, used 68636K [0x0000000080000000, 0x0000000084380000, 0x00000000d5580000)
  object space 69120K, 99% used [0x0000000080000000,0x0000000084307180,0x0000000084380000)
 Metaspace       used 66675K, committed 68160K, reserved 1114112K
  class space    used 7051K, committed 7680K, reserved 1048576K
}
Event: 281.493 GC heap before
{Heap before GC invocations=64 (full 3):
 PSYoungGen      total 18944K, used 18921K [0x00000000d5580000, 0x00000000d6e00000, 0x0000000100000000)
  eden space 18432K, 100% used [0x00000000d5580000,0x00000000d6780000,0x00000000d6780000)
  from space 512K, 95% used [0x00000000d6d80000,0x00000000d6dfa480,0x00000000d6e00000)
  to   space 2048K, 0% used [0x00000000d6a00000,0x00000000d6a00000,0x00000000d6c00000)
 ParOldGen       total 69120K, used 68636K [0x0000000080000000, 0x0000000084380000, 0x00000000d5580000)
  object space 69120K, 99% used [0x0000000080000000,0x0000000084307180,0x0000000084380000)
 Metaspace       used 68588K, committed 70144K, reserved 1114112K
  class space    used 7278K, committed 7936K, reserved 1048576K
}
Event: 281.494 GC heap after
{Heap after GC invocations=64 (full 3):
 PSYoungGen      total 20480K, used 641K [0x00000000d5580000, 0x00000000d6e00000, 0x0000000100000000)
  eden space 18432K, 0% used [0x00000000d5580000,0x00000000d5580000,0x00000000d6780000)
  from space 2048K, 31% used [0x00000000d6a00000,0x00000000d6aa05d8,0x00000000d6c00000)
  to   space 1024K, 0% used [0x00000000d6d00000,0x00000000d6d00000,0x00000000d6e00000)
 ParOldGen       total 69120K, used 68933K [0x0000000080000000, 0x0000000084380000, 0x00000000d5580000)
  object space 69120K, 99% used [0x0000000080000000,0x0000000084351600,0x0000000084380000)
 Metaspace       used 68588K, committed 70144K, reserved 1114112K
  class space    used 7278K, committed 7936K, reserved 1048576K
}
Event: 284.126 GC heap before
{Heap before GC invocations=65 (full 3):
 PSYoungGen      total 20480K, used 19073K [0x00000000d5580000, 0x00000000d6e00000, 0x0000000100000000)
  eden space 18432K, 100% used [0x00000000d5580000,0x00000000d6780000,0x00000000d6780000)
  from space 2048K, 31% used [0x00000000d6a00000,0x00000000d6aa05d8,0x00000000d6c00000)
  to   space 1024K, 0% used [0x00000000d6d00000,0x00000000d6d00000,0x00000000d6e00000)
 ParOldGen       total 69120K, used 68933K [0x0000000080000000, 0x0000000084380000, 0x00000000d5580000)
  object space 69120K, 99% used [0x0000000080000000,0x0000000084351600,0x0000000084380000)
 Metaspace       used 70617K, committed 72192K, reserved 1114112K
  class space    used 7621K, committed 8320K, reserved 1048576K
}
Event: 284.128 GC heap after
{Heap after GC invocations=65 (full 3):
 PSYoungGen      total 19456K, used 896K [0x00000000d5580000, 0x00000000d6e00000, 0x0000000100000000)
  eden space 18432K, 0% used [0x00000000d5580000,0x00000000d5580000,0x00000000d6780000)
  from space 1024K, 87% used [0x00000000d6d00000,0x00000000d6de0020,0x00000000d6e00000)
  to   space 1024K, 0% used [0x00000000d6c00000,0x00000000d6c00000,0x00000000d6d00000)
 ParOldGen       total 69632K, used 69324K [0x0000000080000000, 0x0000000084400000, 0x00000000d5580000)
  object space 69632K, 99% used [0x0000000080000000,0x00000000843b3210,0x0000000084400000)
 Metaspace       used 70617K, committed 72192K, reserved 1114112K
  class space    used 7621K, committed 8320K, reserved 1048576K
}

