# JRE version: OpenJDK Runtime Environment Temurin-21.0.10+7 (21.0.10+7) (build 21.0.10+7-LTS)
# Java VM: OpenJDK 64-Bit Server VM Temurin-21.0.10+7 (21.0.10+7-LTS, mixed mode, sharing, tiered, compressed oops, compressed class ptrs, parallel gc, windows-amd64)
GC Precious Log:
 CardTable entry size: 512
 CPUs: 18 total, 18 available
 Memory: 15931M
 Large Page Support: Disabled
 NUMA Support: Disabled
 Compressed Oops: Enabled (32-bit)
 Alignments: Space 512K, Generation 512K, Heap 2M
 Heap Min Capacity: 100M
 Heap Initial Capacity: 100M
 Heap Max Capacity: 2G
 Pre-touch: Disabled
 Parallel Workers: 14
Heap:
 PSYoungGen      total 7680K, used 7403K [0x00000000d5580000, 0x00000000d7000000, 0x0000000100000000)
  eden space 3584K, 92% used [0x00000000d5580000,0x00000000d58c11c8,0x00000000d5900000)
  from space 4096K, 99% used [0x00000000d6200000,0x00000000d65f9db0,0x00000000d6600000)
  to   space 9216K, 27% used [0x00000000d5900000,0x00000000d5b80000,0x00000000d6200000)
 ParOldGen       total 275968K, used 275960K [0x0000000080000000, 0x0000000090d80000, 0x00000000d5580000)
  object space 275968K, 99% used [0x0000000080000000,0x0000000090d7e200,0x0000000090d80000)
 Metaspace       used 91671K, committed 93312K, reserved 1179648K
  class space    used 9546K, committed 10304K, reserved 1048576K
GC Heap History (20 events):
Event: 5299.655 GC heap after
{Heap after GC invocations=1081 (full 5):
 PSYoungGen      total 5120K, used 1222K [0x00000000d5580000, 0x00000000d5e00000, 0x0000000100000000)
  eden space 3584K, 0% used [0x00000000d5580000,0x00000000d5580000,0x00000000d5900000)
  from space 1536K, 79% used [0x00000000d5900000,0x00000000d5a31990,0x00000000d5a80000)
  to   space 2560K, 0% used [0x00000000d5b80000,0x00000000d5b80000,0x00000000d5e00000)
 ParOldGen       total 249856K, used 249582K [0x0000000080000000, 0x000000008f400000, 0x00000000d5580000)
  object space 249856K, 99% used [0x0000000080000000,0x000000008f3bb8e0,0x000000008f400000)
 Metaspace       used 91646K, committed 93312K, reserved 1179648K
  class space    used 9543K, committed 10304K, reserved 1048576K
}
Event: 5299.668 GC heap before
{Heap before GC invocations=1082 (full 5):
 PSYoungGen      total 5120K, used 4647K [0x00000000d5580000, 0x00000000d5e00000, 0x0000000100000000)
  eden space 3584K, 95% used [0x00000000d5580000,0x00000000d58d82a0,0x00000000d5900000)
  from space 1536K, 79% used [0x00000000d5900000,0x00000000d5a31990,0x00000000d5a80000)
  to   space 2560K, 0% used [0x00000000d5b80000,0x00000000d5b80000,0x00000000d5e00000)
 ParOldGen       total 249856K, used 249582K [0x0000000080000000, 0x000000008f400000, 0x00000000d5580000)
  object space 249856K, 99% used [0x0000000080000000,0x000000008f3bb8e0,0x000000008f400000)
 Metaspace       used 91646K, committed 93312K, reserved 1179648K
  class space    used 9543K, committed 10304K, reserved 1048576K
}
Event: 5299.671 GC heap after
{Heap after GC invocations=1082 (full 5):
 PSYoungGen      total 4096K, used 192K [0x00000000d5580000, 0x00000000d5c00000, 0x0000000100000000)
  eden space 3584K, 0% used [0x00000000d5580000,0x00000000d5580000,0x00000000d5900000)
  from space 512K, 37% used [0x00000000d5b80000,0x00000000d5bb0000,0x00000000d5c00000)
  to   space 1024K, 0% used [0x00000000d5a00000,0x00000000d5a00000,0x00000000d5b00000)
 ParOldGen       total 250368K, used 250050K [0x0000000080000000, 0x000000008f480000, 0x00000000d5580000)
  object space 250368K, 99% used [0x0000000080000000,0x000000008f430ae0,0x000000008f480000)
 Metaspace       used 91646K, committed 93312K, reserved 1179648K
  class space    used 9543K, committed 10304K, reserved 1048576K
}
Event: 5299.685 GC heap before
{Heap before GC invocations=1083 (full 5):
 PSYoungGen      total 4096K, used 3776K [0x00000000d5580000, 0x00000000d5c00000, 0x0000000100000000)
  eden space 3584K, 100% used [0x00000000d5580000,0x00000000d5900000,0x00000000d5900000)
  from space 512K, 37% used [0x00000000d5b80000,0x00000000d5bb0000,0x00000000d5c00000)
  to   space 1024K, 0% used [0x00000000d5a00000,0x00000000d5a00000,0x00000000d5b00000)
 ParOldGen       total 250368K, used 250050K [0x0000000080000000, 0x000000008f480000, 0x00000000d5580000)
  object space 250368K, 99% used [0x0000000080000000,0x000000008f430ae0,0x000000008f480000)
 Metaspace       used 91646K, committed 93312K, reserved 1179648K
  class space    used 9543K, committed 10304K, reserved 1048576K
}
Event: 5299.690 GC heap after
{Heap after GC invocations=1083 (full 5):
 PSYoungGen      total 4608K, used 1004K [0x00000000d5580000, 0x00000000d6200000, 0x0000000100000000)
  eden space 3584K, 0% used [0x00000000d5580000,0x00000000d5580000,0x00000000d5900000)
  from space 1024K, 98% used [0x00000000d5a00000,0x00000000d5afb090,0x00000000d5b00000)
  to   space 4608K, 0% used [0x00000000d5d80000,0x00000000d5d80000,0x00000000d6200000)
 ParOldGen       total 252928K, used 252642K [0x0000000080000000, 0x000000008f700000, 0x00000000d5580000)
  object space 252928K, 99% used [0x0000000080000000,0x000000008f6b8ae0,0x000000008f700000)
 Metaspace       used 91646K, committed 93312K, reserved 1179648K
  class space    used 9543K, committed 10304K, reserved 1048576K
}
Event: 5299.808 GC heap before
{Heap before GC invocations=1084 (full 5):
 PSYoungGen      total 4608K, used 4588K [0x00000000d5580000, 0x00000000d6200000, 0x0000000100000000)
  eden space 3584K, 99% used [0x00000000d5580000,0x00000000d58ffff8,0x00000000d5900000)
  from space 1024K, 98% used [0x00000000d5a00000,0x00000000d5afb090,0x00000000d5b00000)
  to   space 4608K, 0% used [0x00000000d5d80000,0x00000000d5d80000,0x00000000d6200000)
 ParOldGen       total 252928K, used 252642K [0x0000000080000000, 0x000000008f700000, 0x00000000d5580000)
  object space 252928K, 99% used [0x0000000080000000,0x000000008f6b8ae0,0x000000008f700000)
 Metaspace       used 91656K, committed 93312K, reserved 1179648K
  class space    used 9544K, committed 10304K, reserved 1048576K
}
Event: 5299.815 GC heap after
{Heap after GC invocations=1084 (full 5):
 PSYoungGen      total 6144K, used 2461K [0x00000000d5580000, 0x00000000d6000000, 0x0000000100000000)
  eden space 3584K, 0% used [0x00000000d5580000,0x00000000d5580000,0x00000000d5900000)
  from space 2560K, 96% used [0x00000000d5d80000,0x00000000d5fe7700,0x00000000d6000000)
  to   space 3072K, 0% used [0x00000000d5a00000,0x00000000d5a00000,0x00000000d5d00000)
 ParOldGen       total 253952K, used 253662K [0x0000000080000000, 0x000000008f800000, 0x00000000d5580000)
  object space 253952K, 99% used [0x0000000080000000,0x000000008f7b7b70,0x000000008f800000)
 Metaspace       used 91656K, committed 93312K, reserved 1179648K
  class space    used 9544K, committed 10304K, reserved 1048576K
}
Event: 5299.826 GC heap before
{Heap before GC invocations=1085 (full 5):
 PSYoungGen      total 6144K, used 6045K [0x00000000d5580000, 0x00000000d6000000, 0x0000000100000000)
  eden space 3584K, 100% used [0x00000000d5580000,0x00000000d5900000,0x00000000d5900000)
  from space 2560K, 96% used [0x00000000d5d80000,0x00000000d5fe7700,0x00000000d6000000)
  to   space 3072K, 0% used [0x00000000d5a00000,0x00000000d5a00000,0x00000000d5d00000)
 ParOldGen       total 253952K, used 253662K [0x0000000080000000, 0x000000008f800000, 0x00000000d5580000)
  object space 253952K, 99% used [0x0000000080000000,0x000000008f7b7b70,0x000000008f800000)
 Metaspace       used 91656K, committed 93312K, reserved 1179648K
  class space    used 9544K, committed 10304K, reserved 1048576K
}
Event: 5299.833 GC heap after
{Heap after GC invocations=1085 (full 5):
 PSYoungGen      total 7680K, used 3066K [0x00000000d5580000, 0x00000000d6700000, 0x0000000100000000)
  eden space 4608K, 0% used [0x00000000d5580000,0x00000000d5580000,0x00000000d5a00000)
  from space 3072K, 99% used [0x00000000d5a00000,0x00000000d5cfe900,0x00000000d5d00000)
  to   space 6656K, 0% used [0x00000000d6080000,0x00000000d6080000,0x00000000d6700000)
 ParOldGen       total 256512K, used 256244K [0x0000000080000000, 0x000000008fa80000, 0x00000000d5580000)
  object space 256512K, 99% used [0x0000000080000000,0x000000008fa3d280,0x000000008fa80000)
 Metaspace       used 91656K, committed 93312K, reserved 1179648K
  class space    used 9544K, committed 10304K, reserved 1048576K
}
Event: 5299.853 GC heap before
{Heap before GC invocations=1086 (full 5):
 PSYoungGen      total 7680K, used 7674K [0x00000000d5580000, 0x00000000d6700000, 0x0000000100000000)
  eden space 4608K, 100% used [0x00000000d5580000,0x00000000d5a00000,0x00000000d5a00000)
  from space 3072K, 99% used [0x00000000d5a00000,0x00000000d5cfe900,0x00000000d5d00000)
  to   space 6656K, 0% used [0x00000000d6080000,0x00000000d6080000,0x00000000d6700000)
 ParOldGen       total 256512K, used 256244K [0x0000000080000000, 0x000000008fa80000, 0x00000000d5580000)
  object space 256512K, 99% used [0x0000000080000000,0x000000008fa3d280,0x000000008fa80000)
 Metaspace       used 91661K, committed 93312K, reserved 1179648K
  class space    used 9545K, committed 10304K, reserved 1048576K
}
Event: 5299.860 GC heap after
{Heap after GC invocations=1086 (full 5):
 PSYoungGen      total 8704K, used 2944K [0x00000000d5580000, 0x00000000d6380000, 0x0000000100000000)
  eden space 5632K, 0% used [0x00000000d5580000,0x00000000d5580000,0x00000000d5b00000)
  from space 3072K, 95% used [0x00000000d6080000,0x00000000d6360000,0x00000000d6380000)
  to   space 4096K, 0% used [0x00000000d5b80000,0x00000000d5b80000,0x00000000d5f80000)
 ParOldGen       total 259584K, used 259377K [0x0000000080000000, 0x000000008fd80000, 0x00000000d5580000)
  object space 259584K, 99% used [0x0000000080000000,0x000000008fd4c480,0x000000008fd80000)
 Metaspace       used 91661K, committed 93312K, reserved 1179648K
  class space    used 9545K, committed 10304K, reserved 1048576K
}
Event: 5299.870 GC heap before
{Heap before GC invocations=1087 (full 5):
 PSYoungGen      total 8704K, used 8575K [0x00000000d5580000, 0x00000000d6380000, 0x0000000100000000)
  eden space 5632K, 99% used [0x00000000d5580000,0x00000000d5affff0,0x00000000d5b00000)
  from space 3072K, 95% used [0x00000000d6080000,0x00000000d6360000,0x00000000d6380000)
  to   space 4096K, 0% used [0x00000000d5b80000,0x00000000d5b80000,0x00000000d5f80000)
 ParOldGen       total 259584K, used 259377K [0x0000000080000000, 0x000000008fd80000, 0x00000000d5580000)
  object space 259584K, 99% used [0x0000000080000000,0x000000008fd4c480,0x000000008fd80000)
 Metaspace       used 91665K, committed 93312K, reserved 1179648K
  class space    used 9545K, committed 10304K, reserved 1048576K
}
Event: 5299.876 GC heap after
{Heap after GC invocations=1087 (full 5):
 PSYoungGen      total 10240K, used 3252K [0x00000000d5580000, 0x00000000d6380000, 0x0000000100000000)
  eden space 6144K, 0% used [0x00000000d5580000,0x00000000d5580000,0x00000000d5b80000)
  from space 4096K, 79% used [0x00000000d5b80000,0x00000000d5ead240,0x00000000d5f80000)
  to   space 3584K, 0% used [0x00000000d6000000,0x00000000d6000000,0x00000000d6380000)
 ParOldGen       total 262144K, used 262057K [0x0000000080000000, 0x0000000090000000, 0x00000000d5580000)
  object space 262144K, 99% used [0x0000000080000000,0x000000008ffea480,0x0000000090000000)
 Metaspace       used 91665K, committed 93312K, reserved 1179648K
  class space    used 9545K, committed 10304K, reserved 1048576K
}
Event: 5299.900 GC heap before
{Heap before GC invocations=1088 (full 5):
 PSYoungGen      total 10240K, used 9396K [0x00000000d5580000, 0x00000000d6380000, 0x0000000100000000)
  eden space 6144K, 100% used [0x00000000d5580000,0x00000000d5b80000,0x00000000d5b80000)
  from space 4096K, 79% used [0x00000000d5b80000,0x00000000d5ead240,0x00000000d5f80000)
  to   space 3584K, 0% used [0x00000000d6000000,0x00000000d6000000,0x00000000d6380000)
 ParOldGen       total 262144K, used 262057K [0x0000000080000000, 0x0000000090000000, 0x00000000d5580000)
  object space 262144K, 99% used [0x0000000080000000,0x000000008ffea480,0x0000000090000000)
 Metaspace       used 91670K, committed 93312K, reserved 1179648K
  class space    used 9546K, committed 10304K, reserved 1048576K
}
Event: 5299.908 GC heap after
{Heap after GC invocations=1088 (full 5):
 PSYoungGen      total 10752K, used 3208K [0x00000000d5580000, 0x00000000d6400000, 0x0000000100000000)
  eden space 7168K, 0% used [0x00000000d5580000,0x00000000d5580000,0x00000000d5c80000)
  from space 3584K, 89% used [0x00000000d6000000,0x00000000d63220f0,0x00000000d6380000)
  to   space 3584K, 0% used [0x00000000d5c80000,0x00000000d5c80000,0x00000000d6000000)
 ParOldGen       total 265216K, used 264857K [0x0000000080000000, 0x0000000090300000, 0x00000000d5580000)
  object space 265216K, 99% used [0x0000000080000000,0x00000000902a64c0,0x0000000090300000)
 Metaspace       used 91670K, committed 93312K, reserved 1179648K
  class space    used 9546K, committed 10304K, reserved 1048576K
}
Event: 5299.952 GC heap before
{Heap before GC invocations=1089 (full 5):
 PSYoungGen      total 10752K, used 10376K [0x00000000d5580000, 0x00000000d6400000, 0x0000000100000000)
  eden space 7168K, 100% used [0x00000000d5580000,0x00000000d5c80000,0x00000000d5c80000)
  from space 3584K, 89% used [0x00000000d6000000,0x00000000d63220f0,0x00000000d6380000)
  to   space 3584K, 0% used [0x00000000d5c80000,0x00000000d5c80000,0x00000000d6000000)
 ParOldGen       total 265216K, used 264857K [0x0000000080000000, 0x0000000090300000, 0x00000000d5580000)
  object space 265216K, 99% used [0x0000000080000000,0x00000000902a64c0,0x0000000090300000)
 Metaspace       used 91671K, committed 93312K, reserved 1179648K
  class space    used 9546K, committed 10304K, reserved 1048576K
}
Event: 5299.962 GC heap after
{Heap after GC invocations=1089 (full 5):
 PSYoungGen      total 10752K, used 3552K [0x00000000d5580000, 0x00000000d6600000, 0x0000000100000000)
  eden space 7168K, 0% used [0x00000000d5580000,0x00000000d5580000,0x00000000d5c80000)
  from space 3584K, 99% used [0x00000000d5c80000,0x00000000d5ff8000,0x00000000d6000000)
  to   space 4096K, 0% used [0x00000000d6200000,0x00000000d6200000,0x00000000d6600000)
 ParOldGen       total 268800K, used 268329K [0x0000000080000000, 0x0000000090680000, 0x00000000d5580000)
  object space 268800K, 99% used [0x0000000080000000,0x000000009060a6a0,0x0000000090680000)
 Metaspace       used 91671K, committed 93312K, reserved 1179648K
  class space    used 9546K, committed 10304K, reserved 1048576K
}
Event: 5299.992 GC heap before
{Heap before GC invocations=1090 (full 5):
 PSYoungGen      total 10752K, used 10720K [0x00000000d5580000, 0x00000000d6600000, 0x0000000100000000)
  eden space 7168K, 100% used [0x00000000d5580000,0x00000000d5c80000,0x00000000d5c80000)
  from space 3584K, 99% used [0x00000000d5c80000,0x00000000d5ff8000,0x00000000d6000000)
  to   space 4096K, 0% used [0x00000000d6200000,0x00000000d6200000,0x00000000d6600000)
 ParOldGen       total 268800K, used 268329K [0x0000000080000000, 0x0000000090680000, 0x00000000d5580000)
  object space 268800K, 99% used [0x0000000080000000,0x000000009060a6a0,0x0000000090680000)
 Metaspace       used 91671K, committed 93312K, reserved 1179648K
  class space    used 9546K, committed 10304K, reserved 1048576K
}
Event: 5299.998 GC heap after
{Heap after GC invocations=1090 (full 5):
 PSYoungGen      total 7680K, used 4071K [0x00000000d5580000, 0x00000000d7000000, 0x0000000100000000)
  eden space 3584K, 0% used [0x00000000d5580000,0x00000000d5580000,0x00000000d5900000)
  from space 4096K, 99% used [0x00000000d6200000,0x00000000d65f9db0,0x00000000d6600000)
  to   space 9216K, 0% used [0x00000000d5900000,0x00000000d5900000,0x00000000d6200000)
 ParOldGen       total 272384K, used 272289K [0x0000000080000000, 0x0000000090a00000, 0x00000000d5580000)
  object space 272384K, 99% used [0x0000000080000000,0x00000000909e86a0,0x0000000090a00000)
 Metaspace       used 91671K, committed 93312K, reserved 1179648K
  class space    used 9546K, committed 10304K, reserved 1048576K
}
Event: 5300.011 GC heap before
{Heap before GC invocations=1091 (full 5):
 PSYoungGen      total 7680K, used 7403K [0x00000000d5580000, 0x00000000d7000000, 0x0000000100000000)
  eden space 3584K, 92% used [0x00000000d5580000,0x00000000d58c11c8,0x00000000d5900000)
  from space 4096K, 99% used [0x00000000d6200000,0x00000000d65f9db0,0x00000000d6600000)
  to   space 9216K, 0% used [0x00000000d5900000,0x00000000d5900000,0x00000000d6200000)
 ParOldGen       total 272384K, used 272289K [0x0000000080000000, 0x0000000090a00000, 0x00000000d5580000)
  object space 272384K, 99% used [0x0000000080000000,0x00000000909e86a0,0x0000000090a00000)
 Metaspace       used 91671K, committed 93312K, reserved 1179648K
  class space    used 9546K, committed 10304K, reserved 1048576K
}

