# JRE version: OpenJDK Runtime Environment Temurin-21.0.10+7 (21.0.10+7) (build 21.0.10+7-LTS)
# Java VM: OpenJDK 64-Bit Server VM Temurin-21.0.10+7 (21.0.10+7-LTS, mixed mode, sharing, tiered, compressed oops, compressed class ptrs, parallel gc, windows-amd64)
GC Precious Log:
 CardTable entry size: 512
 CPUs: 18 total, 18 available
 Memory: 15931M
 Large Page Support: Disabled
 NUMA Support: Disabled
 Compressed Oops: Enabled (32-bit)
 Alignments: Space 512K, Generation 512K, Heap 2M
 Heap Min Capacity: 100M
 Heap Initial Capacity: 100M
 Heap Max Capacity: 2G
 Pre-touch: Disabled
 Parallel Workers: 14
Heap:
 PSYoungGen      total 9216K, used 3126K [0x00000000d5580000, 0x00000000d6380000, 0x0000000100000000)
  eden space 8192K, 33% used [0x00000000d5580000,0x00000000d5835898,0x00000000d5d80000)
  from space 1024K, 34% used [0x00000000d6180000,0x00000000d61d8000,0x00000000d6280000)
  to   space 512K, 0% used [0x00000000d6300000,0x00000000d6300000,0x00000000d6380000)
 ParOldGen       total 1254400K, used 1254184K [0x0000000080000000, 0x00000000cc900000, 0x00000000d5580000)
  object space 1254400K, 99% used [0x0000000080000000,0x00000000cc8ca128,0x00000000cc900000)
 Metaspace       used 102246K, committed 104192K, reserved 1179648K
  class space    used 10669K, committed 11584K, reserved 1048576K
GC Heap History (20 events):
Event: 1598.046 GC heap before
{Heap before GC invocations=1798 (full 6):
 PSYoungGen      total 12288K, used 11988K [0x00000000d5580000, 0x00000000d6580000, 0x0000000100000000)
  eden space 8192K, 100% used [0x00000000d5580000,0x00000000d5d80000,0x00000000d5d80000)
  from space 4096K, 92% used [0x00000000d5e80000,0x00000000d6235200,0x00000000d6280000)
  to   space 3072K, 0% used [0x00000000d6280000,0x00000000d6280000,0x00000000d6580000)
 ParOldGen       total 1242624K, used 1242491K [0x0000000080000000, 0x00000000cbd80000, 0x00000000d5580000)
  object space 1242624K, 99% used [0x0000000080000000,0x00000000cbd5edf0,0x00000000cbd80000)
 Metaspace       used 102095K, committed 104064K, reserved 1179648K
  class space    used 10669K, committed 11584K, reserved 1048576K
}
Event: 1598.051 GC heap after
{Heap after GC invocations=1798 (full 6):
 PSYoungGen      total 9728K, used 1408K [0x00000000d5580000, 0x00000000d6400000, 0x0000000100000000)
  eden space 8192K, 0% used [0x00000000d5580000,0x00000000d5580000,0x00000000d5d80000)
  from space 1536K, 91% used [0x00000000d6280000,0x00000000d63e0000,0x00000000d6400000)
  to   space 2560K, 0% used [0x00000000d5f00000,0x00000000d5f00000,0x00000000d6180000)
 ParOldGen       total 1246208K, used 1246108K [0x0000000080000000, 0x00000000cc100000, 0x00000000d5580000)
  object space 1246208K, 99% used [0x0000000080000000,0x00000000cc0e7040,0x00000000cc100000)
 Metaspace       used 102095K, committed 104064K, reserved 1179648K
  class space    used 10669K, committed 11584K, reserved 1048576K
}
Event: 1598.084 GC heap before
{Heap before GC invocations=1799 (full 6):
 PSYoungGen      total 9728K, used 9600K [0x00000000d5580000, 0x00000000d6400000, 0x0000000100000000)
  eden space 8192K, 100% used [0x00000000d5580000,0x00000000d5d80000,0x00000000d5d80000)
  from space 1536K, 91% used [0x00000000d6280000,0x00000000d63e0000,0x00000000d6400000)
  to   space 2560K, 0% used [0x00000000d5f00000,0x00000000d5f00000,0x00000000d6180000)
 ParOldGen       total 1246208K, used 1246108K [0x0000000080000000, 0x00000000cc100000, 0x00000000d5580000)
  object space 1246208K, 99% used [0x0000000080000000,0x00000000cc0e7040,0x00000000cc100000)
 Metaspace       used 102095K, committed 104064K, reserved 1179648K
  class space    used 10669K, committed 11584K, reserved 1048576K
}
Event: 1598.089 GC heap after
{Heap after GC invocations=1799 (full 6):
 PSYoungGen      total 10752K, used 2532K [0x00000000d5580000, 0x00000000d6b80000, 0x0000000100000000)
  eden space 8192K, 0% used [0x00000000d5580000,0x00000000d5580000,0x00000000d5d80000)
  from space 2560K, 98% used [0x00000000d5f00000,0x00000000d6179350,0x00000000d6180000)
  to   space 7168K, 0% used [0x00000000d6480000,0x00000000d6480000,0x00000000d6b80000)
 ParOldGen       total 1249792K, used 1249731K [0x0000000080000000, 0x00000000cc480000, 0x00000000d5580000)
  object space 1249792K, 99% used [0x0000000080000000,0x00000000cc470dd8,0x00000000cc480000)
 Metaspace       used 102095K, committed 104064K, reserved 1179648K
  class space    used 10669K, committed 11584K, reserved 1048576K
}
Event: 1608.643 GC heap before
{Heap before GC invocations=1800 (full 6):
 PSYoungGen      total 10752K, used 10724K [0x00000000d5580000, 0x00000000d6b80000, 0x0000000100000000)
  eden space 8192K, 100% used [0x00000000d5580000,0x00000000d5d80000,0x00000000d5d80000)
  from space 2560K, 98% used [0x00000000d5f00000,0x00000000d6179350,0x00000000d6180000)
  to   space 7168K, 0% used [0x00000000d6480000,0x00000000d6480000,0x00000000d6b80000)
 ParOldGen       total 1249792K, used 1249731K [0x0000000080000000, 0x00000000cc480000, 0x00000000d5580000)
  object space 1249792K, 99% used [0x0000000080000000,0x00000000cc470dd8,0x00000000cc480000)
 Metaspace       used 102095K, committed 104064K, reserved 1179648K
  class space    used 10669K, committed 11584K, reserved 1048576K
}
Event: 1608.646 GC heap after
{Heap after GC invocations=1800 (full 6):
 PSYoungGen      total 9216K, used 772K [0x00000000d5580000, 0x00000000d6580000, 0x0000000100000000)
  eden space 8192K, 0% used [0x00000000d5580000,0x00000000d5580000,0x00000000d5d80000)
  from space 1024K, 75% used [0x00000000d6480000,0x00000000d6541210,0x00000000d6580000)
  to   space 3072K, 0% used [0x00000000d5f80000,0x00000000d5f80000,0x00000000d6280000)
 ParOldGen       total 1250304K, used 1250023K [0x0000000080000000, 0x00000000cc500000, 0x00000000d5580000)
  object space 1250304K, 99% used [0x0000000080000000,0x00000000cc4b9fd8,0x00000000cc500000)
 Metaspace       used 102095K, committed 104064K, reserved 1179648K
  class space    used 10669K, committed 11584K, reserved 1048576K
}
Event: 1609.063 GC heap before
{Heap before GC invocations=1801 (full 6):
 PSYoungGen      total 9216K, used 8964K [0x00000000d5580000, 0x00000000d6580000, 0x0000000100000000)
  eden space 8192K, 100% used [0x00000000d5580000,0x00000000d5d80000,0x00000000d5d80000)
  from space 1024K, 75% used [0x00000000d6480000,0x00000000d6541210,0x00000000d6580000)
  to   space 3072K, 0% used [0x00000000d5f80000,0x00000000d5f80000,0x00000000d6280000)
 ParOldGen       total 1250304K, used 1250023K [0x0000000080000000, 0x00000000cc500000, 0x00000000d5580000)
  object space 1250304K, 99% used [0x0000000080000000,0x00000000cc4b9fd8,0x00000000cc500000)
 Metaspace       used 102114K, committed 104064K, reserved 1179648K
  class space    used 10669K, committed 11584K, reserved 1048576K
}
Event: 1609.065 GC heap after
{Heap after GC invocations=1801 (full 6):
 PSYoungGen      total 11264K, used 864K [0x00000000d5580000, 0x00000000d6500000, 0x0000000100000000)
  eden space 8192K, 0% used [0x00000000d5580000,0x00000000d5580000,0x00000000d5d80000)
  from space 3072K, 28% used [0x00000000d5f80000,0x00000000d6058000,0x00000000d6280000)
  to   space 1536K, 0% used [0x00000000d6380000,0x00000000d6380000,0x00000000d6500000)
 ParOldGen       total 1250816K, used 1250546K [0x0000000080000000, 0x00000000cc580000, 0x00000000d5580000)
  object space 1250816K, 99% used [0x0000000080000000,0x00000000cc53ca68,0x00000000cc580000)
 Metaspace       used 102114K, committed 104064K, reserved 1179648K
  class space    used 10669K, committed 11584K, reserved 1048576K
}
Event: 1629.708 GC heap before
{Heap before GC invocations=1802 (full 6):
 PSYoungGen      total 11264K, used 9056K [0x00000000d5580000, 0x00000000d6500000, 0x0000000100000000)
  eden space 8192K, 100% used [0x00000000d5580000,0x00000000d5d80000,0x00000000d5d80000)
  from space 3072K, 28% used [0x00000000d5f80000,0x00000000d6058000,0x00000000d6280000)
  to   space 1536K, 0% used [0x00000000d6380000,0x00000000d6380000,0x00000000d6500000)
 ParOldGen       total 1250816K, used 1250546K [0x0000000080000000, 0x00000000cc580000, 0x00000000d5580000)
  object space 1250816K, 99% used [0x0000000080000000,0x00000000cc53ca68,0x00000000cc580000)
 Metaspace       used 102141K, committed 104128K, reserved 1179648K
  class space    used 10669K, committed 11584K, reserved 1048576K
}
Event: 1629.713 GC heap after
{Heap after GC invocations=1802 (full 6):
 PSYoungGen      total 8704K, used 352K [0x00000000d5580000, 0x00000000d6400000, 0x0000000100000000)
  eden space 8192K, 0% used [0x00000000d5580000,0x00000000d5580000,0x00000000d5d80000)
  from space 512K, 68% used [0x00000000d6380000,0x00000000d63d8000,0x00000000d6400000)
  to   space 1024K, 0% used [0x00000000d6200000,0x00000000d6200000,0x00000000d6300000)
 ParOldGen       total 1251328K, used 1251226K [0x0000000080000000, 0x00000000cc600000, 0x00000000d5580000)
  object space 1251328K, 99% used [0x0000000080000000,0x00000000cc5e6a68,0x00000000cc600000)
 Metaspace       used 102141K, committed 104128K, reserved 1179648K
  class space    used 10669K, committed 11584K, reserved 1048576K
}
Event: 1630.132 GC heap before
{Heap before GC invocations=1803 (full 6):
 PSYoungGen      total 8704K, used 8544K [0x00000000d5580000, 0x00000000d6400000, 0x0000000100000000)
  eden space 8192K, 100% used [0x00000000d5580000,0x00000000d5d80000,0x00000000d5d80000)
  from space 512K, 68% used [0x00000000d6380000,0x00000000d63d8000,0x00000000d6400000)
  to   space 1024K, 0% used [0x00000000d6200000,0x00000000d6200000,0x00000000d6300000)
 ParOldGen       total 1251328K, used 1251226K [0x0000000080000000, 0x00000000cc600000, 0x00000000d5580000)
  object space 1251328K, 99% used [0x0000000080000000,0x00000000cc5e6a68,0x00000000cc600000)
 Metaspace       used 102175K, committed 104128K, reserved 1179648K
  class space    used 10669K, committed 11584K, reserved 1048576K
}
Event: 1630.136 GC heap after
{Heap after GC invocations=1803 (full 6):
 PSYoungGen      total 9216K, used 1012K [0x00000000d5580000, 0x00000000d6400000, 0x0000000100000000)
  eden space 8192K, 0% used [0x00000000d5580000,0x00000000d5580000,0x00000000d5d80000)
  from space 1024K, 98% used [0x00000000d6200000,0x00000000d62fd200,0x00000000d6300000)
  to   space 1024K, 0% used [0x00000000d6300000,0x00000000d6300000,0x00000000d6400000)
 ParOldGen       total 1251840K, used 1251354K [0x0000000080000000, 0x00000000cc680000, 0x00000000d5580000)
  object space 1251840K, 99% used [0x0000000080000000,0x00000000cc606a78,0x00000000cc680000)
 Metaspace       used 102175K, committed 104128K, reserved 1179648K
  class space    used 10669K, committed 11584K, reserved 1048576K
}
Event: 1630.288 GC heap before
{Heap before GC invocations=1804 (full 6):
 PSYoungGen      total 9216K, used 9204K [0x00000000d5580000, 0x00000000d6400000, 0x0000000100000000)
  eden space 8192K, 100% used [0x00000000d5580000,0x00000000d5d80000,0x00000000d5d80000)
  from space 1024K, 98% used [0x00000000d6200000,0x00000000d62fd200,0x00000000d6300000)
  to   space 1024K, 0% used [0x00000000d6300000,0x00000000d6300000,0x00000000d6400000)
 ParOldGen       total 1251840K, used 1251354K [0x0000000080000000, 0x00000000cc680000, 0x00000000d5580000)
  object space 1251840K, 99% used [0x0000000080000000,0x00000000cc606a78,0x00000000cc680000)
 Metaspace       used 102183K, committed 104128K, reserved 1179648K
  class space    used 10669K, committed 11584K, reserved 1048576K
}
Event: 1630.292 GC heap after
{Heap after GC invocations=1804 (full 6):
 PSYoungGen      total 9216K, used 730K [0x00000000d5580000, 0x00000000d6400000, 0x0000000100000000)
  eden space 8192K, 0% used [0x00000000d5580000,0x00000000d5580000,0x00000000d5d80000)
  from space 1024K, 71% used [0x00000000d6300000,0x00000000d63b6900,0x00000000d6400000)
  to   space 1024K, 0% used [0x00000000d6200000,0x00000000d6200000,0x00000000d6300000)
 ParOldGen       total 1252352K, used 1252225K [0x0000000080000000, 0x00000000cc700000, 0x00000000d5580000)
  object space 1252352K, 99% used [0x0000000080000000,0x00000000cc6e05c8,0x00000000cc700000)
 Metaspace       used 102183K, committed 104128K, reserved 1179648K
  class space    used 10669K, committed 11584K, reserved 1048576K
}
Event: 1630.693 GC heap before
{Heap before GC invocations=1805 (full 6):
 PSYoungGen      total 9216K, used 8922K [0x00000000d5580000, 0x00000000d6400000, 0x0000000100000000)
  eden space 8192K, 100% used [0x00000000d5580000,0x00000000d5d80000,0x00000000d5d80000)
  from space 1024K, 71% used [0x00000000d6300000,0x00000000d63b6900,0x00000000d6400000)
  to   space 1024K, 0% used [0x00000000d6200000,0x00000000d6200000,0x00000000d6300000)
 ParOldGen       total 1252352K, used 1252225K [0x0000000080000000, 0x00000000cc700000, 0x00000000d5580000)
  object space 1252352K, 99% used [0x0000000080000000,0x00000000cc6e05c8,0x00000000cc700000)
 Metaspace       used 102187K, committed 104128K, reserved 1179648K
  class space    used 10669K, committed 11584K, reserved 1048576K
}
Event: 1630.696 GC heap after
{Heap after GC invocations=1805 (full 6):
 PSYoungGen      total 9216K, used 1018K [0x00000000d5580000, 0x00000000d6380000, 0x0000000100000000)
  eden space 8192K, 0% used [0x00000000d5580000,0x00000000d5580000,0x00000000d5d80000)
  from space 1024K, 99% used [0x00000000d6200000,0x00000000d62fe900,0x00000000d6300000)
  to   space 512K, 0% used [0x00000000d6300000,0x00000000d6300000,0x00000000d6380000)
 ParOldGen       total 1253376K, used 1252891K [0x0000000080000000, 0x00000000cc800000, 0x00000000d5580000)
  object space 1253376K, 99% used [0x0000000080000000,0x00000000cc786ef8,0x00000000cc800000)
 Metaspace       used 102187K, committed 104128K, reserved 1179648K
  class space    used 10669K, committed 11584K, reserved 1048576K
}
Event: 1634.089 GC heap before
{Heap before GC invocations=1806 (full 6):
 PSYoungGen      total 9216K, used 9210K [0x00000000d5580000, 0x00000000d6380000, 0x0000000100000000)
  eden space 8192K, 100% used [0x00000000d5580000,0x00000000d5d80000,0x00000000d5d80000)
  from space 1024K, 99% used [0x00000000d6200000,0x00000000d62fe900,0x00000000d6300000)
  to   space 512K, 0% used [0x00000000d6300000,0x00000000d6300000,0x00000000d6380000)
 ParOldGen       total 1253376K, used 1252891K [0x0000000080000000, 0x00000000cc800000, 0x00000000d5580000)
  object space 1253376K, 99% used [0x0000000080000000,0x00000000cc786ef8,0x00000000cc800000)
 Metaspace       used 102245K, committed 104192K, reserved 1179648K
  class space    used 10669K, committed 11584K, reserved 1048576K
}
Event: 1634.091 GC heap after
{Heap after GC invocations=1806 (full 6):
 PSYoungGen      total 8704K, used 448K [0x00000000d5580000, 0x00000000d6380000, 0x0000000100000000)
  eden space 8192K, 0% used [0x00000000d5580000,0x00000000d5580000,0x00000000d5d80000)
  from space 512K, 87% used [0x00000000d6300000,0x00000000d6370000,0x00000000d6380000)
  to   space 1024K, 0% used [0x00000000d6180000,0x00000000d6180000,0x00000000d6280000)
 ParOldGen       total 1253888K, used 1253864K [0x0000000080000000, 0x00000000cc880000, 0x00000000d5580000)
  object space 1253888K, 99% used [0x0000000080000000,0x00000000cc87a128,0x00000000cc880000)
 Metaspace       used 102245K, committed 104192K, reserved 1179648K
  class space    used 10669K, committed 11584K, reserved 1048576K
}
Event: 1649.540 GC heap before
{Heap before GC invocations=1807 (full 6):
 PSYoungGen      total 8704K, used 8640K [0x00000000d5580000, 0x00000000d6380000, 0x0000000100000000)
  eden space 8192K, 100% used [0x00000000d5580000,0x00000000d5d80000,0x00000000d5d80000)
  from space 512K, 87% used [0x00000000d6300000,0x00000000d6370000,0x00000000d6380000)
  to   space 1024K, 0% used [0x00000000d6180000,0x00000000d6180000,0x00000000d6280000)
 ParOldGen       total 1253888K, used 1253864K [0x0000000080000000, 0x00000000cc880000, 0x00000000d5580000)
  object space 1253888K, 99% used [0x0000000080000000,0x00000000cc87a128,0x00000000cc880000)
 Metaspace       used 102246K, committed 104192K, reserved 1179648K
  class space    used 10669K, committed 11584K, reserved 1048576K
}
Event: 1649.541 GC heap after
{Heap after GC invocations=1807 (full 6):
 PSYoungGen      total 9216K, used 352K [0x00000000d5580000, 0x00000000d6380000, 0x0000000100000000)
  eden space 8192K, 0% used [0x00000000d5580000,0x00000000d5580000,0x00000000d5d80000)
  from space 1024K, 34% used [0x00000000d6180000,0x00000000d61d8000,0x00000000d6280000)
  to   space 512K, 0% used [0x00000000d6300000,0x00000000d6300000,0x00000000d6380000)
 ParOldGen       total 1254400K, used 1254184K [0x0000000080000000, 0x00000000cc900000, 0x00000000d5580000)
  object space 1254400K, 99% used [0x0000000080000000,0x00000000cc8ca128,0x00000000cc900000)
 Metaspace       used 102246K, committed 104192K, reserved 1179648K
  class space    used 10669K, committed 11584K, reserved 1048576K
}

